<?xml version="1.0" encoding="UTF-8"?>
<!-- Generated by org.testng.reporters.JUnitXMLReporter -->
<testsuite ignored="2" hostname="Nikhil-PC" failures="0" tests="1" name="Default test" time="46.063" errors="0" timestamp="2023-06-17T23:44:41 IST">
  <testcase classname="com.paragonqa.tests.DashBoardTest" name="OAuthValidation" time="33.603"/>
  <testcase classname="com.paragonqa.tests.DashBoardTest" name="VerifyTheCatalogSearch" time="0.0">
    <ignored/>
  </testcase> <!-- VerifyTheCatalogSearch -->
  <testcase classname="com.paragonqa.tests.DashBoardTest" name="AddProjectVerifcation" time="0.0">
    <ignored/>
  </testcase> <!-- AddProjectVerifcation -->
</testsuite> <!-- Default test -->
