<?xml version="1.0" encoding="UTF-8"?>
<testng-results ignored="0" total="1" passed="1" failed="0" skipped="0">
  <reporter-output>
  </reporter-output>
  <suite started-at="2023-06-17T23:43:55 IST" name="Default suite" finished-at="2023-06-17T23:44:41 IST" duration-ms="46063">
    <groups>
    </groups>
    <test started-at="2023-06-17T23:43:55 IST" name="Default test" finished-at="2023-06-17T23:44:41 IST" duration-ms="46063">
      <class name="com.paragonqa.tests.DashBoardTest">
        <test-method is-config="true" signature="setUp()[pri:0, instance:com.paragonqa.tests.DashBoardTest@7674f035]" started-at="2023-06-17T23:43:55 IST" name="setUp" finished-at="2023-06-17T23:44:08 IST" duration-ms="12238" status="PASS">
          <reporter-output>
          </reporter-output>
        </test-method> <!-- setUp -->
        <test-method signature="OAuthValidation()[pri:0, instance:com.paragonqa.tests.DashBoardTest@7674f035]" started-at="2023-06-17T23:44:08 IST" name="OAuthValidation" finished-at="2023-06-17T23:44:41 IST" duration-ms="33603" status="PASS">
          <reporter-output>
          </reporter-output>
        </test-method> <!-- OAuthValidation -->
        <test-method is-config="true" signature="tearDown()[pri:0, instance:com.paragonqa.tests.DashBoardTest@7674f035]" started-at="2023-06-17T23:44:41 IST" name="tearDown" finished-at="2023-06-17T23:44:41 IST" duration-ms="200" status="PASS">
          <reporter-output>
          </reporter-output>
        </test-method> <!-- tearDown -->
      </class> <!-- com.paragonqa.tests.DashBoardTest -->
    </test> <!-- Default test -->
  </suite> <!-- Default suite -->
</testng-results>
